  HYPOTHENUSE.cpp
C:\Users\evils\Desktop\coding\cpp-hell\HYPOTHENUSE.cpp(7,59): error C2039: 'stod': is not a member of 'std'
C:\Program Files\Microsoft Visual Studio\2022\Community\VC\Tools\MSVC\14.34.31933\include\iostream(19,1): message : see declaration of 'std'
C:\Users\evils\Desktop\coding\cpp-hell\HYPOTHENUSE.cpp(7,1): error C7529: multiple using-declarators require at least '/std:c++17'
C:\Users\evils\Desktop\coding\cpp-hell\HYPOTHENUSE.cpp(7,1): error C2873: 'stod': symbol cannot be used in a using-declaration
C:\Users\evils\Desktop\coding\cpp-hell\HYPOTHENUSE.cpp(56,33): error C2131: expression did not evaluate to a constant
C:\Users\evils\Desktop\coding\cpp-hell\HYPOTHENUSE.cpp(56,30): message : failure was caused by call of undefined function or one not declared 'constexpr'
C:\Users\evils\Desktop\coding\cpp-hell\HYPOTHENUSE.cpp(56,30): message : see usage of 'std::basic_string<char,std::char_traits<char>,std::allocator<char>>::length'
C:\Users\evils\Desktop\coding\cpp-hell\HYPOTHENUSE.cpp(64,25): error C3861: 'stod': identifier not found
  PASCALS2.cpp
C:\Users\evils\Desktop\coding\cpp-hell\PASCALS2.cpp(6,1): error C7529: multiple using-declarators require at least '/std:c++17'
  helloworld.cpp
  instantiate.cpp
C:\Users\evils\Desktop\coding\cpp-hell\practice\instantiate.cpp(12,20): error C2065: 'endl': undeclared identifier
C:\Users\evils\Desktop\coding\cpp-hell\practice\instantiate.cpp(16,8): error C4430: missing type specifier - int assumed. Note: C++ does not support default-int
  member_intializer.cpp
C:\Users\evils\Desktop\coding\cpp-hell\practice\member_intializer.cpp(25,8): error C4430: missing type specifier - int assumed. Note: C++ does not support default-int
  OPERATOR OVERLOADING.cpp
  pointers.cpp
C:\Users\evils\Desktop\coding\cpp-hell\practice\pointers.cpp(4,1): error C7529: multiple using-declarators require at least '/std:c++17'
  struct.cpp
  tempCodeRunnerFile.cpp
C:\Users\evils\Desktop\coding\cpp-hell\practice\tempCodeRunnerFile.cpp(3,1): error C2059: syntax error: '}'
C:\Users\evils\Desktop\coding\cpp-hell\practice\tempCodeRunnerFile.cpp(3,1): error C2143: syntax error: missing ';' before '}'
  vectoroptimize.cpp
C:\Users\evils\Desktop\coding\cpp-hell\practice\vectoroptimize.cpp(3,8): error C4430: missing type specifier - int assumed. Note: C++ does not support default-int
  VECTORS.cpp
C:\Users\evils\Desktop\coding\cpp-hell\practice\VECTORS.cpp(5,1): error C7529: multiple using-declarators require at least '/std:c++17'
  Generating Code...
